<?xml version="1.0" encoding="UTF-8"?>
<testsuite name="com.monzo.crawler.infrastructure.RedisVisitedRepositoryIntegrationTest" tests="20" skipped="0" failures="0" errors="0" timestamp="2025-06-26T15:54:42.151Z" hostname="Sergi-Arias.local" time="1.888">
  <properties/>
  <testcase name="shouldMarkUriAsVisitedAndReturnTrue()" classname="com.monzo.crawler.infrastructure.RedisVisitedRepositoryIntegrationTest" time="0.025"/>
  <testcase name="shouldHandleEmptyPath()" classname="com.monzo.crawler.infrastructure.RedisVisitedRepositoryIntegrationTest" time="0.008"/>
  <testcase name="shouldHandleConcurrentMarkingOfSameUri()" classname="com.monzo.crawler.infrastructure.RedisVisitedRepositoryIntegrationTest" time="0.009"/>
  <testcase name="shouldHandleMultipleUris()" classname="com.monzo.crawler.infrastructure.RedisVisitedRepositoryIntegrationTest" time="0.009"/>
  <testcase name="shouldReturnFalseWhenMarkingAlreadyVisitedUri()" classname="com.monzo.crawler.infrastructure.RedisVisitedRepositoryIntegrationTest" time="0.007"/>
  <testcase name="shouldHandleUrisWithDifferentSchemes()" classname="com.monzo.crawler.infrastructure.RedisVisitedRepositoryIntegrationTest" time="0.007"/>
  <testcase name="shouldHandleUrisWithQueryParameters()" classname="com.monzo.crawler.infrastructure.RedisVisitedRepositoryIntegrationTest" time="0.008"/>
  <testcase name="shouldHandleUrisWithSpecialCharacters()" classname="com.monzo.crawler.infrastructure.RedisVisitedRepositoryIntegrationTest" time="0.008"/>
  <testcase name="shouldHandleLargeNumberOfUris()" classname="com.monzo.crawler.infrastructure.RedisVisitedRepositoryIntegrationTest" time="0.891"/>
  <testcase name="shouldHandleMixedConcurrentOperations()" classname="com.monzo.crawler.infrastructure.RedisVisitedRepositoryIntegrationTest" time="0.222"/>
  <testcase name="shouldBeThreadSafeForConcurrentReads()" classname="com.monzo.crawler.infrastructure.RedisVisitedRepositoryIntegrationTest" time="0.104"/>
  <testcase name="shouldVerifyRedisSetOperations()" classname="com.monzo.crawler.infrastructure.RedisVisitedRepositoryIntegrationTest" time="0.013"/>
  <testcase name="shouldPersistDataAcrossConnections()" classname="com.monzo.crawler.infrastructure.RedisVisitedRepositoryIntegrationTest" time="0.008"/>
  <testcase name="shouldReturnFalseForUnvisitedUri()" classname="com.monzo.crawler.infrastructure.RedisVisitedRepositoryIntegrationTest" time="0.006"/>
  <testcase name="shouldBeThreadSafeForConcurrentMarkings()" classname="com.monzo.crawler.infrastructure.RedisVisitedRepositoryIntegrationTest" time="0.496"/>
  <testcase name="shouldHandleEncodedUris()" classname="com.monzo.crawler.infrastructure.RedisVisitedRepositoryIntegrationTest" time="0.015"/>
  <testcase name="shouldHandleUrisWithFragments()" classname="com.monzo.crawler.infrastructure.RedisVisitedRepositoryIntegrationTest" time="0.014"/>
  <testcase name="shouldHandleUrisWithDifferentPaths()" classname="com.monzo.crawler.infrastructure.RedisVisitedRepositoryIntegrationTest" time="0.014"/>
  <testcase name="shouldHandleUrisWithDifferentPorts()" classname="com.monzo.crawler.infrastructure.RedisVisitedRepositoryIntegrationTest" time="0.008"/>
  <testcase name="shouldHandleVeryLongUris()" classname="com.monzo.crawler.infrastructure.RedisVisitedRepositoryIntegrationTest" time="0.008"/>
  <system-out><![CDATA[17:54:42.165 [Test worker] INFO  c.m.c.i.c.TestRedisConfiguration - Redis test setup created successfully
17:54:42.182 [Test worker] INFO  c.m.c.i.c.TestRedisConfiguration - Redis test setup created successfully
17:54:42.189 [Test worker] INFO  c.m.c.i.c.TestRedisConfiguration - Redis test setup created successfully
17:54:42.199 [Test worker] INFO  c.m.c.i.c.TestRedisConfiguration - Redis test setup created successfully
17:54:42.208 [Test worker] INFO  c.m.c.i.c.TestRedisConfiguration - Redis test setup created successfully
17:54:42.216 [Test worker] INFO  c.m.c.i.c.TestRedisConfiguration - Redis test setup created successfully
17:54:42.224 [Test worker] INFO  c.m.c.i.c.TestRedisConfiguration - Redis test setup created successfully
17:54:42.232 [Test worker] INFO  c.m.c.i.c.TestRedisConfiguration - Redis test setup created successfully
17:54:42.242 [Test worker] INFO  c.m.c.i.c.TestRedisConfiguration - Redis test setup created successfully
17:54:43.135 [Test worker] INFO  c.m.c.i.c.TestRedisConfiguration - Redis test setup created successfully
17:54:43.356 [Test worker] INFO  c.m.c.i.c.TestRedisConfiguration - Redis test setup created successfully
17:54:43.462 [Test worker] INFO  c.m.c.i.c.TestRedisConfiguration - Redis test setup created successfully
17:54:43.473 [Test worker] INFO  c.m.c.i.c.TestRedisConfiguration - Redis test setup created successfully
17:54:43.480 [Test worker] INFO  c.m.c.i.c.TestRedisConfiguration - Redis test setup created successfully
17:54:43.487 [Test worker] INFO  c.m.c.i.c.TestRedisConfiguration - Redis test setup created successfully
17:54:43.985 [Test worker] INFO  c.m.c.i.c.TestRedisConfiguration - Redis test setup created successfully
17:54:44.000 [Test worker] INFO  c.m.c.i.c.TestRedisConfiguration - Redis test setup created successfully
17:54:44.015 [Test worker] INFO  c.m.c.i.c.TestRedisConfiguration - Redis test setup created successfully
17:54:44.027 [Test worker] INFO  c.m.c.i.c.TestRedisConfiguration - Redis test setup created successfully
17:54:44.036 [Test worker] INFO  c.m.c.i.c.TestRedisConfiguration - Redis test setup created successfully
]]></system-out>
  <system-err><![CDATA[]]></system-err>
</testsuite>
