<?xml version="1.0" encoding="UTF-8"?>
<testsuite name="com.monzo.crawler.component.WebCrawlerComponentTest" tests="1" skipped="0" failures="0" errors="0" timestamp="2025-06-26T15:54:32.503Z" hostname="Sergi-Arias.local" time="1.538">
  <properties/>
  <testcase name="Happy Path: Crawl a simple website with multiple pages and links" classname="com.monzo.crawler.component.WebCrawlerComponentTest" time="1.538"/>
  <system-out><![CDATA[17:54:32.503 [Test worker] INFO  c.m.c.i.c.TestWireMockConfiguration - WireMock server started at: http://localhost:50038
17:54:32.758 [Test worker] INFO  c.m.c.i.c.TestRedisConfiguration - Redis test setup created successfully
17:54:32.800 [Test worker] INFO  c.m.c.c.WebCrawlerComponentTest - Starting crawl test for: http://localhost:50038/
17:54:33.982 [Test worker] INFO  c.m.c.c.WebCrawlerComponentTest - Crawled pages: [http://localhost:50038/blog, http://localhost:50038/team, http://localhost:50038/products, http://localhost:50038/products/widget2, http://localhost:50038/products/widget1, http://localhost:50038/contact, http://localhost:50038/, http://localhost:50038/blog/post1, http://localhost:50038/about]
17:54:34.022 [Test worker] INFO  c.m.c.c.WebCrawlerComponentTest - Failed pages: []
17:54:34.032 [Test worker] INFO  c.m.c.c.WebCrawlerComponentTest - Component test completed successfully!
17:54:34.032 [Test worker] INFO  c.m.c.c.WebCrawlerComponentTest - Total pages crawled: 9
17:54:34.032 [Test worker] INFO  c.m.c.c.WebCrawlerComponentTest - Total links found: 19
17:54:34.032 [Test worker] INFO  c.m.c.c.WebCrawlerComponentTest - Failed pages: 0
]]></system-out>
  <system-err><![CDATA[]]></system-err>
</testsuite>
