<?xml version="1.0" encoding="UTF-8"?>
<testsuite name="com.monzo.crawler.infrastructure.RedisFrontierQueueIntegrationTest" tests="15" skipped="0" failures="0" errors="0" timestamp="2025-06-26T15:54:36.212Z" hostname="Sergi-Arias.local" time="3.011">
  <properties/>
  <testcase name="shouldMaintainFifoOrder()" classname="com.monzo.crawler.infrastructure.RedisFrontierQueueIntegrationTest" time="0.031"/>
  <testcase name="shouldBeThreadSafeForDequeue()" classname="com.monzo.crawler.infrastructure.RedisFrontierQueueIntegrationTest" time="0.638"/>
  <testcase name="shouldHandleConcurrentEnqueueAndDequeue()" classname="com.monzo.crawler.infrastructure.RedisFrontierQueueIntegrationTest" time="1.21"/>
  <testcase name="shouldBeThreadSafeForEnqueue()" classname="com.monzo.crawler.infrastructure.RedisFrontierQueueIntegrationTest" time="0.078"/>
  <testcase name="shouldHandleUriEncodingProperly()" classname="com.monzo.crawler.infrastructure.RedisFrontierQueueIntegrationTest" time="0.009"/>
  <testcase name="shouldHandleUrisWithSpecialCharacters()" classname="com.monzo.crawler.infrastructure.RedisFrontierQueueIntegrationTest" time="0.015"/>
  <testcase name="shouldHandleLargeNumberOfUris()" classname="com.monzo.crawler.infrastructure.RedisFrontierQueueIntegrationTest" time="0.948"/>
  <testcase name="shouldReturnNullWhenDequeueingFromEmptyQueue()" classname="com.monzo.crawler.infrastructure.RedisFrontierQueueIntegrationTest" time="0.009"/>
  <testcase name="shouldEnqueueAndDequeueUri()" classname="com.monzo.crawler.infrastructure.RedisFrontierQueueIntegrationTest" time="0.009"/>
  <testcase name="shouldPersistDataAcrossConnections()" classname="com.monzo.crawler.infrastructure.RedisFrontierQueueIntegrationTest" time="0.009"/>
  <testcase name="shouldCorrectlyReportEmptyState()" classname="com.monzo.crawler.infrastructure.RedisFrontierQueueIntegrationTest" time="0.014"/>
  <testcase name="shouldHandleDuplicateUris()" classname="com.monzo.crawler.infrastructure.RedisFrontierQueueIntegrationTest" time="0.01"/>
  <testcase name="shouldHandleMultipleEnqueuesAndDequeues()" classname="com.monzo.crawler.infrastructure.RedisFrontierQueueIntegrationTest" time="0.011"/>
  <testcase name="shouldStartEmpty()" classname="com.monzo.crawler.infrastructure.RedisFrontierQueueIntegrationTest" time="0.008"/>
  <testcase name="shouldHandleVeryLongUris()" classname="com.monzo.crawler.infrastructure.RedisFrontierQueueIntegrationTest" time="0.009"/>
  <system-out><![CDATA[17:54:36.227 [Test worker] INFO  c.m.c.i.c.TestRedisConfiguration - Redis test setup created successfully
17:54:36.250 [Test worker] INFO  c.m.c.i.c.TestRedisConfiguration - Redis test setup created successfully
17:54:36.888 [Test worker] INFO  c.m.c.i.c.TestRedisConfiguration - Redis test setup created successfully
17:54:38.107 [Test worker] INFO  c.m.c.i.c.TestRedisConfiguration - Redis test setup created successfully
17:54:38.177 [Test worker] INFO  c.m.c.i.c.TestRedisConfiguration - Redis test setup created successfully
17:54:38.186 [Test worker] INFO  c.m.c.i.c.TestRedisConfiguration - Redis test setup created successfully
17:54:38.201 [Test worker] INFO  c.m.c.i.c.TestRedisConfiguration - Redis test setup created successfully
17:54:39.149 [Test worker] INFO  c.m.c.i.c.TestRedisConfiguration - Redis test setup created successfully
17:54:39.158 [Test worker] INFO  c.m.c.i.c.TestRedisConfiguration - Redis test setup created successfully
17:54:39.166 [Test worker] INFO  c.m.c.i.c.TestRedisConfiguration - Redis test setup created successfully
17:54:39.176 [Test worker] INFO  c.m.c.i.c.TestRedisConfiguration - Redis test setup created successfully
17:54:39.189 [Test worker] INFO  c.m.c.i.c.TestRedisConfiguration - Redis test setup created successfully
17:54:39.199 [Test worker] INFO  c.m.c.i.c.TestRedisConfiguration - Redis test setup created successfully
17:54:39.211 [Test worker] INFO  c.m.c.i.c.TestRedisConfiguration - Redis test setup created successfully
17:54:39.218 [Test worker] INFO  c.m.c.i.c.TestRedisConfiguration - Redis test setup created successfully
]]></system-out>
  <system-err><![CDATA[]]></system-err>
</testsuite>
