<?xml version="1.0" encoding="UTF-8"?>
<testsuite name="com.monzo.crawler.application.WebCrawlerUseCaseTest" tests="9" skipped="0" failures="0" errors="0" timestamp="2025-06-26T15:54:23.579Z" hostname="Sergi-Arias.local" time="0.795">
  <properties/>
  <testcase name="shouldHandleEmptyLinkExtractionGracefully()" classname="com.monzo.crawler.application.WebCrawlerUseCaseTest" time="0.7"/>
  <testcase name="shouldNotCrawlExternalDomains()" classname="com.monzo.crawler.application.WebCrawlerUseCaseTest" time="0.005"/>
  <testcase name="shouldRespectVisitedRepository()" classname="com.monzo.crawler.application.WebCrawlerUseCaseTest" time="0.003"/>
  <testcase name="shouldNotCrawlSamePageTwice()" classname="com.monzo.crawler.application.WebCrawlerUseCaseTest" time="0.005"/>
  <testcase name="shouldHandlePageFetchFailure()" classname="com.monzo.crawler.application.WebCrawlerUseCaseTest" time="0.003"/>
  <testcase name="shouldHandleUnexpectedExceptions()" classname="com.monzo.crawler.application.WebCrawlerUseCaseTest" time="0.061"/>
  <testcase name="shouldCrawlMultiplePagesInSameDomain()" classname="com.monzo.crawler.application.WebCrawlerUseCaseTest" time="0.005"/>
  <testcase name="shouldCrawlSinglePageSuccessfully()" classname="com.monzo.crawler.application.WebCrawlerUseCaseTest" time="0.003"/>
  <testcase name="shouldNormalizeUris()" classname="com.monzo.crawler.application.WebCrawlerUseCaseTest" time="0.003"/>
  <system-out><![CDATA[17:54:24.330 [virtual-43] ERROR c.m.c.application.WebCrawlerUseCase - Unrecoverable error processing URI: https://example.com/
java.lang.RuntimeException: Unexpected error
	at com.monzo.crawler.application.WebCrawlerUseCase.processUri(WebCrawlerUseCase.java:80)
	at com.monzo.crawler.application.WebCrawlerUseCase.lambda$crawl$0(WebCrawlerUseCase.java:55)
	at java.base/java.util.concurrent.Executors$RunnableAdapter.call(Executors.java:572)
	at java.base/java.util.concurrent.FutureTask.run(FutureTask.java:317)
	at java.base/java.lang.VirtualThread.run(VirtualThread.java:309)
]]></system-out>
  <system-err><![CDATA[WARNING: A Java agent has been loaded dynamically (/Users/sergiarias/.gradle/caches/modules-2/files-2.1/net.bytebuddy/byte-buddy-agent/1.14.15/b4cc9d88d5de562bf75b3a54ab436ad01b3f72d/byte-buddy-agent-1.14.15.jar)
WARNING: If a serviceability tool is in use, please run with -XX:+EnableDynamicAgentLoading to hide this warning
WARNING: If a serviceability tool is not in use, please run with -Djdk.instrument.traceUsage for more information
WARNING: Dynamic loading of agents will be disallowed by default in a future release
]]></system-err>
</testsuite>
