<?xml version="1.0" encoding="UTF-8"?>
<testsuite name="com.monzo.crawler.config.WebCrawlerFactoryIntegrationTest" tests="2" skipped="0" failures="0" errors="0" timestamp="2025-06-28T10:20:54.373Z" hostname="Sergi-Arias.local" time="0.044">
  <properties/>
  <testcase name="shouldCreateCrawlerWithRealDependencies()" classname="com.monzo.crawler.config.WebCrawlerFactoryIntegrationTest" time="0.034"/>
  <testcase name="shouldHandleMultipleDomainCreation()" classname="com.monzo.crawler.config.WebCrawlerFactoryIntegrationTest" time="0.009"/>
  <system-out><![CDATA[12:20:54.391 [Test worker] INFO  c.m.c.i.c.TestRedisConfiguration - Shared Redis connection created successfully
12:20:54.505 [lettuce-nioEventLoop-7-2] WARN  i.l.core.protocol.ConnectionWatchdog - Cannot reconnect to [localhost/<unresolved>:32880]: Connection reset
java.net.SocketException: Connection reset
	at java.base/sun.nio.ch.SocketChannelImpl.throwConnectionReset(SocketChannelImpl.java:401)
	at java.base/sun.nio.ch.SocketChannelImpl.read(SocketChannelImpl.java:434)
	at io.netty.buffer.PooledByteBuf.setBytes(PooledByteBuf.java:254)
	at io.netty.buffer.AbstractByteBuf.writeBytes(AbstractByteBuf.java:1132)
	at io.netty.channel.socket.nio.NioSocketChannel.doReadBytes(NioSocketChannel.java:357)
	at io.netty.channel.nio.AbstractNioByteChannel$NioByteUnsafe.read(AbstractNioByteChannel.java:151)
	at io.netty.channel.nio.NioEventLoop.processSelectedKey(NioEventLoop.java:788)
	at io.netty.channel.nio.NioEventLoop.processSelectedKeysOptimized(NioEventLoop.java:724)
	at io.netty.channel.nio.NioEventLoop.processSelectedKeys(NioEventLoop.java:650)
	at io.netty.channel.nio.NioEventLoop.run(NioEventLoop.java:562)
	at io.netty.util.concurrent.SingleThreadEventExecutor$4.run(SingleThreadEventExecutor.java:997)
	at io.netty.util.internal.ThreadExecutorMap$2.run(ThreadExecutorMap.java:74)
	at io.netty.util.concurrent.FastThreadLocalRunnable.run(FastThreadLocalRunnable.java:30)
	at java.base/java.lang.Thread.run(Thread.java:1583)
]]></system-out>
  <system-err><![CDATA[]]></system-err>
</testsuite>
